Removed Pin From Net: NetName=D- Pin=IC2-4
Removed Pin From Net: NetName=D+ Pin=IC2-6
Removed Pin From Net: NetName=D- Pin=IC3-18
Removed Pin From Net: NetName=D+ Pin=IC3-19
Removed Pin From Net: NetName=D+ Pin=R2-1
Removed Pin From Net: NetName=D+ Pin=R2-2
Removed Pin From Net: NetName=D- Pin=R3-1
Removed Pin From Net: NetName=D- Pin=R3-2
Added Pin To Net: NetName=D+1 Pin=IC2-6
Added Pin To Net: NetName=D+1 Pin=R2-1
Added Net: Name=D+1
Added Pin To Net: NetName=D+2 Pin=IC3-19
Added Pin To Net: NetName=D+2 Pin=R2-2
Added Net: Name=D+2
Added Pin To Net: NetName=D-1 Pin=IC2-4
Added Pin To Net: NetName=D-1 Pin=R3-1
Added Net: Name=D-1
Added Pin To Net: NetName=D-2 Pin=IC3-18
Added Pin To Net: NetName=D-2 Pin=R3-2
Added Net: Name=D-2
